#! /usr/bin/vvp
:ivl_version "10.1 (stable)";
:ivl_delay_selection "TYPICAL";
:vpi_time_precision - 12;
:vpi_module "system";
:vpi_module "vhdl_sys";
:vpi_module "v2005_math";
:vpi_module "va_math";
S_0x55cc2758c060 .scope module, "prueba_TB" "prueba_TB" 2 4;
 .timescale -12 -12;
v0x55cc275ac8b0_0 .var "input1_prueba_TB", 0 0;
v0x55cc275ac970_0 .var "input2_prueba_TB", 0 0;
S_0x55cc2758c1e0 .scope begin, "TEST_CASE" "TEST_CASE" 2 22, 2 22 0, S_0x55cc2758c060;
 .timescale -12 -12;
S_0x55cc2758c3b0 .scope module, "uut" "prueba" 2 8, 3 1 0, S_0x55cc2758c060;
 .timescale -12 -12;
    .port_info 0 /INPUT 1 "input1_prueba"
    .port_info 1 /INPUT 1 "input2_prueba"
    .port_info 2 /OUTPUT 1 "output_prueba1"
    .port_info 3 /OUTPUT 1 "output_prueba2"
L_0x55cc275aca40 .functor AND 1, v0x55cc275ac8b0_0, v0x55cc275ac970_0, C4<1>, C4<1>;
L_0x55cc275acb80 .functor OR 1, v0x55cc275ac8b0_0, v0x55cc275ac970_0, C4<0>, C4<0>;
v0x55cc2758c5f0_0 .net "input1_prueba", 0 0, v0x55cc275ac8b0_0;  1 drivers
v0x55cc275ac5b0_0 .net "input2_prueba", 0 0, v0x55cc275ac970_0;  1 drivers
v0x55cc275ac670_0 .net "output_prueba1", 0 0, L_0x55cc275aca40;  1 drivers
v0x55cc275ac740_0 .net "output_prueba2", 0 0, L_0x55cc275acb80;  1 drivers
    .scope S_0x55cc2758c060;
T_0 ;
    %pushi/vec4 0, 0, 1;
    %store/vec4 v0x55cc275ac8b0_0, 0, 1;
    %pushi/vec4 0, 0, 1;
    %store/vec4 v0x55cc275ac970_0, 0, 1;
    %delay 2, 0;
    %pushi/vec4 1, 0, 1;
    %store/vec4 v0x55cc275ac8b0_0, 0, 1;
    %delay 2, 0;
    %pushi/vec4 1, 0, 1;
    %store/vec4 v0x55cc275ac970_0, 0, 1;
    %end;
    .thread T_0;
    .scope S_0x55cc2758c060;
T_1 ;
    %fork t_1, S_0x55cc2758c1e0;
    %jmp t_0;
    .scope S_0x55cc2758c1e0;
t_1 ;
    %vpi_call 2 23 "$dumpfile", "prueba.vcd" {0 0 0};
    %vpi_call 2 24 "$dumpvars", 32'sb11111111111111111111111111111111, S_0x55cc2758c3b0 {0 0 0};
    %delay 100, 0;
    %vpi_call 2 25 "$finish" {0 0 0};
    %end;
    .scope S_0x55cc2758c060;
t_0 %join;
    %end;
    .thread T_1;
# The file index is used to find the file name in the following table.
:file_names 4;
    "N/A";
    "<interactive>";
    "prueba_TB.v";
    "./prueba.v";
